<?xml version="1.0" encoding="UTF-8"?>
<!-- Generated by org.testng.reporters.JUnitReportReporter -->
<testsuite skipped="0" hostname="TYSS-Bibhudatta" name="com.demo.DemoTest" tests="1" failures="0" timestamp="2022-10-31T15:25:49 IST" time="0.000" errors="0">
  <testcase name="DemoRunTest" time="0.000" classname="com.demo.DemoTest"/>
  <system-out/>
</testsuite> <!-- com.demo.DemoTest -->
